<?xml version="1.0" encoding="utf-8"?><testsuites name="pytest tests"><testsuite name="pytest" errors="0" failures="0" skipped="0" tests="9" time="2.759" timestamp="2026-06-04T07:53:27.384620+00:00" hostname="agent-env-bfc74089-1e33-4776-8a87-b76edd7c52b5"><testcase classname="backend.tests.test_cafecentral_api.TestPublic" name="test_root" time="0.194" /><testcase classname="backend.tests.test_cafecentral_api.TestPublic" name="test_reviews_seeded" time="0.142" /><testcase classname="backend.tests.test_cafecentral_api.TestAuth" name="test_me_without_token" time="0.111" /><testcase classname="backend.tests.test_cafecentral_api.TestAuth" name="test_me_with_token" time="0.554" /><testcase classname="backend.tests.test_cafecentral_api.TestAuth" name="test_me_invalid_token" time="0.135" /><testcase classname="backend.tests.test_cafecentral_api.TestSavedCafes" name="test_saved_requires_auth" time="0.237" /><testcase classname="backend.tests.test_cafecentral_api.TestSavedCafes" name="test_add_get_idempotent_delete" time="0.569" /><testcase classname="backend.tests.test_cafecentral_api.TestReviews" name="test_post_review_requires_auth" time="0.095" /><testcase classname="backend.tests.test_cafecentral_api.TestReviews" name="test_post_review_and_appears_at_top" time="0.650" /></testsuite></testsuites>